  main.cpp
C:\Users\Tiimm\Documents\GitHub\Labb-3---DT047G\Labb-3 - DT047G\Labb-3 - DT047G\main.cpp(6,12): warning C4244: 'argument': conversion from 'time_t' to 'unsigned int', possible loss of data
C:\Program Files (x86)\Microsoft Visual Studio\2019\Community\VC\Tools\MSVC\14.25.28610\include\xutility(1467,27): warning C4244: 'argument': conversion from 'double' to 'const int', possible loss of data
C:\Program Files (x86)\Microsoft Visual Studio\2019\Community\VC\Tools\MSVC\14.25.28610\include\xutility(1466): message : see reference to function template instantiation 'bool std::_Debug_lt_pred<bool(__cdecl *&)(const int &,const int &),double&,double&,0>(_Pr,_Ty1,_Ty2) noexcept(<expr>)' being compiled
          with
          [
              _Pr=bool (__cdecl *&)(const int &,const int &),
              _Ty1=double &,
              _Ty2=double &
          ]
C:\Program Files (x86)\Microsoft Visual Studio\2019\Community\VC\Tools\MSVC\14.25.28610\include\algorithm(3480): message : see reference to function template instantiation 'std::pair<_RanIt,_RanIt> std::_Partition_by_median_guess_unchecked<_RanIt,bool(__cdecl *)(const int &,const int &)>(_RanIt,_RanIt,_Pr)' being compiled
          with
          [
              _RanIt=double *,
              _Pr=bool (__cdecl *)(const int &,const int &)
          ]
C:\Program Files (x86)\Microsoft Visual Studio\2019\Community\VC\Tools\MSVC\14.25.28610\include\algorithm(3506): message : see reference to function template instantiation 'void std::_Sort_unchecked<double*,bool(__cdecl *)(const int &,const int &)>(_RanIt,_RanIt,int,_Pr)' being compiled
          with
          [
              _RanIt=double *,
              _Pr=bool (__cdecl *)(const int &,const int &)
          ]
C:\Users\Tiimm\Documents\GitHub\Labb-3---DT047G\Labb-3 - DT047G\Labb-3 - DT047G\p_queue.h(30): message : see reference to function template instantiation 'void std::sort<std::_Vector_iterator<std::_Vector_val<std::_Simple_types<_Ty>>>,bool(__cdecl *)(const int &,const int &)>(const _RanIt,const _RanIt,_Pr)' being compiled
          with
          [
              _Ty=double,
              _RanIt=std::_Vector_iterator<std::_Vector_val<std::_Simple_types<double>>>,
              _Pr=bool (__cdecl *)(const int &,const int &)
          ]
C:\Users\Tiimm\Documents\GitHub\Labb-3---DT047G\Labb-3 - DT047G\Labb-3 - DT047G\p_queue.h(26): message : while compiling class template member function 'void p_queue<double,std::less<void>>::push(T,cmp)'
          with
          [
              T=double,
              cmp=std::less<void>
          ]
C:\Users\Tiimm\Documents\GitHub\Labb-3---DT047G\Labb-3 - DT047G\Labb-3 - DT047G\main.cpp(13): message : see reference to function template instantiation 'void p_queue<double,std::less<void>>::push(T,cmp)' being compiled
          with
          [
              T=double,
              cmp=std::less<void>
          ]
C:\Users\Tiimm\Documents\GitHub\Labb-3---DT047G\Labb-3 - DT047G\Labb-3 - DT047G\main.cpp(9): message : see reference to class template instantiation 'p_queue<double,std::less<void>>' being compiled
C:\Program Files (x86)\Microsoft Visual Studio\2019\Community\VC\Tools\MSVC\14.25.28610\include\xutility(1467,20): warning C4244: 'argument': conversion from 'double' to 'const int', possible loss of data
C:\Program Files (x86)\Microsoft Visual Studio\2019\Community\VC\Tools\MSVC\14.25.28610\include\xutility(1467,62): warning C4244: 'argument': conversion from 'double' to 'const int', possible loss of data
C:\Program Files (x86)\Microsoft Visual Studio\2019\Community\VC\Tools\MSVC\14.25.28610\include\xutility(1467,54): warning C4244: 'argument': conversion from 'double' to 'const int', possible loss of data
C:\Program Files (x86)\Microsoft Visual Studio\2019\Community\VC\Tools\MSVC\14.25.28610\include\algorithm(3416,101): warning C4244: 'argument': conversion from 'double' to 'const int', possible loss of data
C:\Program Files (x86)\Microsoft Visual Studio\2019\Community\VC\Tools\MSVC\14.25.28610\include\algorithm(3416,91): warning C4244: 'argument': conversion from 'double' to 'const int', possible loss of data
C:\Program Files (x86)\Microsoft Visual Studio\2019\Community\VC\Tools\MSVC\14.25.28610\include\algorithm(3420,92): warning C4244: 'argument': conversion from 'double' to 'const int', possible loss of data
C:\Program Files (x86)\Microsoft Visual Studio\2019\Community\VC\Tools\MSVC\14.25.28610\include\algorithm(3420,82): warning C4244: 'argument': conversion from 'double' to 'const int', possible loss of data
C:\Program Files (x86)\Microsoft Visual Studio\2019\Community\VC\Tools\MSVC\14.25.28610\include\algorithm(3430,40): warning C4244: 'argument': conversion from 'double' to 'const int', possible loss of data
C:\Program Files (x86)\Microsoft Visual Studio\2019\Community\VC\Tools\MSVC\14.25.28610\include\algorithm(3430,30): warning C4244: 'argument': conversion from 'double' to 'const int', possible loss of data
C:\Program Files (x86)\Microsoft Visual Studio\2019\Community\VC\Tools\MSVC\14.25.28610\include\algorithm(3442,40): warning C4244: 'argument': conversion from 'double' to 'const int', possible loss of data
C:\Program Files (x86)\Microsoft Visual Studio\2019\Community\VC\Tools\MSVC\14.25.28610\include\algorithm(3442,30): warning C4244: 'argument': conversion from 'double' to 'const int', possible loss of data
C:\Program Files (x86)\Microsoft Visual Studio\2019\Community\VC\Tools\MSVC\14.25.28610\include\xutility(1469,57): warning C4244: 'argument': conversion from 'double' to 'const int', possible loss of data
C:\Program Files (x86)\Microsoft Visual Studio\2019\Community\VC\Tools\MSVC\14.25.28610\include\algorithm(3416): message : see reference to function template instantiation 'bool std::_Debug_lt_pred<bool(__cdecl *&)(const int &,const int &),double&,double&,0>(_Pr,_Ty1,_Ty2) noexcept(false)' being compiled
          with
          [
              _Pr=bool (__cdecl *&)(const int &,const int &),
              _Ty1=double &,
              _Ty2=double &
          ]
C:\Program Files (x86)\Microsoft Visual Studio\2019\Community\VC\Tools\MSVC\14.25.28610\include\algorithm(3480): message : see reference to function template instantiation 'std::pair<_RanIt,_RanIt> std::_Partition_by_median_guess_unchecked<_RanIt,bool(__cdecl *)(const int &,const int &)>(_RanIt,_RanIt,_Pr)' being compiled
          with
          [
              _RanIt=double *,
              _Pr=bool (__cdecl *)(const int &,const int &)
          ]
C:\Program Files (x86)\Microsoft Visual Studio\2019\Community\VC\Tools\MSVC\14.25.28610\include\xutility(1469,50): warning C4244: 'argument': conversion from 'double' to 'const int', possible loss of data
C:\Program Files (x86)\Microsoft Visual Studio\2019\Community\VC\Tools\MSVC\14.25.28610\include\xutility(1471,9): warning C4244: 'argument': conversion from 'double' to 'const int', possible loss of data
  Labb-3 - DT047G.vcxproj -> C:\Users\Tiimm\Documents\GitHub\Labb-3---DT047G\Labb-3 - DT047G\Debug\Labb-3 - DT047G.exe
